TN:
SF:server.js
FN:23,(anonymous_0)
FN:28,(anonymous_1)
FN:33,(anonymous_2)
FN:38,(anonymous_3)
FN:43,(anonymous_4)
FN:48,(anonymous_5)
FN:53,(anonymous_6)
FN:58,(anonymous_7)
FN:63,(anonymous_8)
FN:68,(anonymous_9)
FN:76,(anonymous_10)
FNF:11
FNH:10
FNDA:1,(anonymous_0)
FNDA:1,(anonymous_1)
FNDA:1,(anonymous_2)
FNDA:1,(anonymous_3)
FNDA:1,(anonymous_4)
FNDA:1,(anonymous_5)
FNDA:1,(anonymous_6)
FNDA:1,(anonymous_7)
FNDA:2,(anonymous_8)
FNDA:2,(anonymous_9)
FNDA:0,(anonymous_10)
DA:1,1
DA:2,1
DA:3,1
DA:5,1
DA:6,1
DA:8,1
DA:9,1
DA:11,1
DA:12,1
DA:14,1
DA:23,1
DA:24,1
DA:25,1
DA:28,1
DA:29,1
DA:30,1
DA:33,1
DA:34,1
DA:35,1
DA:38,1
DA:39,1
DA:40,1
DA:43,1
DA:44,1
DA:45,1
DA:48,1
DA:49,1
DA:50,1
DA:53,1
DA:54,1
DA:55,1
DA:58,1
DA:59,1
DA:60,1
DA:63,1
DA:64,2
DA:65,2
DA:68,1
DA:69,2
DA:70,2
DA:73,1
DA:74,1
DA:76,1
DA:77,0
LF:44
LH:43
BRF:0
BRH:0
end_of_record
TN:
SF:controllers/addresses.js
FN:4,(anonymous_0)
FN:13,(anonymous_1)
FNF:2
FNH:2
FNDA:1,(anonymous_0)
FNDA:1,(anonymous_1)
DA:1,1
DA:2,1
DA:4,1
DA:7,1
DA:9,1
DA:10,0
DA:13,1
DA:14,1
DA:17,1
LF:9
LH:8
BRDA:9,0,0,0
BRDA:9,0,1,1
BRDA:9,1,0,1
BRDA:9,1,1,1
BRF:4
BRH:3
end_of_record
TN:
SF:controllers/blocks.js
FN:4,(anonymous_0)
FN:7,(anonymous_1)
FN:8,(anonymous_2)
FN:15,(anonymous_3)
FN:18,(anonymous_4)
FN:19,(anonymous_5)
FN:26,(anonymous_6)
FN:36,(anonymous_7)
FN:37,(anonymous_8)
FN:44,(anonymous_9)
FN:57,(anonymous_10)
FN:57,(anonymous_11)
FN:67,(anonymous_12)
FN:67,(anonymous_13)
FNF:14
FNH:14
FNDA:1,(anonymous_0)
FNDA:1,(anonymous_1)
FNDA:1,(anonymous_2)
FNDA:1,(anonymous_3)
FNDA:1,(anonymous_4)
FNDA:1,(anonymous_5)
FNDA:1,(anonymous_6)
FNDA:1,(anonymous_7)
FNDA:1,(anonymous_8)
FNDA:1,(anonymous_9)
FNDA:1,(anonymous_10)
FNDA:1,(anonymous_11)
FNDA:3,(anonymous_12)
FNDA:3,(anonymous_13)
DA:1,1
DA:2,1
DA:4,1
DA:7,1
DA:9,1
DA:12,1
DA:15,1
DA:18,1
DA:20,1
DA:23,1
DA:26,1
DA:27,1
DA:31,1
DA:33,0
DA:36,1
DA:38,1
DA:41,1
DA:44,1
DA:45,1
DA:48,1
DA:49,1
DA:51,1
DA:52,0
DA:53,1
DA:54,0
DA:57,1
DA:58,1
DA:61,1
DA:62,1
DA:64,1
DA:66,1
DA:67,3
DA:68,3
DA:70,3
DA:71,1
DA:76,1
LF:36
LH:33
BRDA:31,0,0,0
BRDA:31,0,1,1
BRDA:31,1,0,1
BRDA:31,1,1,1
BRDA:31,1,2,1
BRDA:51,2,0,0
BRDA:51,2,1,1
BRDA:53,3,0,0
BRDA:53,3,1,1
BRDA:70,4,0,1
BRDA:70,4,1,2
BRF:11
BRH:8
end_of_record
TN:
SF:controllers/transactions.js
FN:4,(anonymous_0)
FN:8,(anonymous_1)
FN:9,(anonymous_2)
FN:16,(anonymous_3)
FN:23,(anonymous_4)
FN:26,(anonymous_5)
FN:33,(anonymous_6)
FN:42,(anonymous_7)
FN:49,(anonymous_8)
FN:58,(anonymous_9)
FNF:10
FNH:10
FNDA:1,(anonymous_0)
FNDA:1,(anonymous_1)
FNDA:1,(anonymous_2)
FNDA:1,(anonymous_3)
FNDA:1,(anonymous_4)
FNDA:1,(anonymous_5)
FNDA:2,(anonymous_6)
FNDA:1,(anonymous_7)
FNDA:2,(anonymous_8)
FNDA:2,(anonymous_9)
DA:1,1
DA:2,1
DA:4,1
DA:8,1
DA:10,1
DA:13,1
DA:14,1
DA:16,1
DA:17,1
DA:20,1
DA:23,1
DA:24,1
DA:26,1
DA:27,1
DA:30,1
DA:33,1
DA:34,2
DA:36,2
DA:38,2
DA:39,1
DA:42,1
DA:43,1
DA:46,1
DA:49,1
DA:50,2
DA:52,2
DA:54,2
DA:55,0
DA:58,2
DA:59,2
DA:62,2
LF:31
LH:30
BRDA:38,0,0,1
BRDA:38,0,1,1
BRDA:38,1,0,2
BRDA:38,1,1,2
BRDA:54,2,0,0
BRDA:54,2,1,2
BRDA:54,3,0,2
BRDA:54,3,1,2
BRF:8
BRH:7
end_of_record
TN:
SF:routes/addresses.js
FN:1,(anonymous_0)
FNF:1
FNH:1
FNDA:1,(anonymous_0)
DA:1,1
DA:2,1
LF:2
LH:2
BRF:0
BRH:0
end_of_record
TN:
SF:routes/blocks.js
FN:1,(anonymous_0)
FN:5,(anonymous_1)
FN:9,(anonymous_2)
FN:13,(anonymous_3)
FNF:4
FNH:4
FNDA:1,(anonymous_0)
FNDA:1,(anonymous_1)
FNDA:1,(anonymous_2)
FNDA:1,(anonymous_3)
DA:1,1
DA:2,1
DA:5,1
DA:6,1
DA:9,1
DA:10,1
DA:13,1
DA:14,1
LF:8
LH:8
BRF:0
BRH:0
end_of_record
TN:
SF:routes/transactions.js
FN:1,(anonymous_0)
FN:5,(anonymous_1)
FN:9,(anonymous_2)
FN:13,(anonymous_3)
FNF:4
FNH:4
FNDA:1,(anonymous_0)
FNDA:1,(anonymous_1)
FNDA:1,(anonymous_2)
FNDA:1,(anonymous_3)
DA:1,1
DA:2,1
DA:5,1
DA:6,1
DA:9,1
DA:10,1
DA:13,1
DA:14,1
LF:8
LH:8
BRF:0
BRH:0
end_of_record
